Determining if the pthread_create exist failed with the following output:
Change Dir: /home/rhoo/AppRep/Avatar/build/CMakeFiles/CMakeTmp

Run Build Command:/usr/bin/make "cmTryCompileExec1907002487/fast"
/usr/bin/make -f CMakeFiles/cmTryCompileExec1907002487.dir/build.make CMakeFiles/cmTryCompileExec1907002487.dir/build
make[1]: entrant dans le répertoire « /home/rhoo/AppRep/Avatar/build/CMakeFiles/CMakeTmp »
/usr/bin/cmake -E cmake_progress_report /home/rhoo/AppRep/Avatar/build/CMakeFiles/CMakeTmp/CMakeFiles 1
Building C object CMakeFiles/cmTryCompileExec1907002487.dir/CheckSymbolExists.c.o
/usr/bin/cc    -o CMakeFiles/cmTryCompileExec1907002487.dir/CheckSymbolExists.c.o   -c /home/rhoo/AppRep/Avatar/build/CMakeFiles/CMakeTmp/CheckSymbolExists.c
Linking C executable cmTryCompileExec1907002487
/usr/bin/cmake -E cmake_link_script CMakeFiles/cmTryCompileExec1907002487.dir/link.txt --verbose=1
/usr/bin/cc       CMakeFiles/cmTryCompileExec1907002487.dir/CheckSymbolExists.c.o  -o cmTryCompileExec1907002487 -rdynamic 
CMakeFiles/cmTryCompileExec1907002487.dir/CheckSymbolExists.c.o: dans la fonction « main »:
CheckSymbolExists.c:(.text+0x16): référence indéfinie vers « pthread_create »
collect2: error: ld returned 1 exit status
make[1]: *** [cmTryCompileExec1907002487] Erreur 1
make[1]: quittant le répertoire « /home/rhoo/AppRep/Avatar/build/CMakeFiles/CMakeTmp »
make: *** [cmTryCompileExec1907002487/fast] Erreur 2

File /home/rhoo/AppRep/Avatar/build/CMakeFiles/CMakeTmp/CheckSymbolExists.c:
/* */
#include <pthread.h>

int main(int argc, char** argv)
{
  (void)argv;
#ifndef pthread_create
  return ((int*)(&pthread_create))[argc];
#else
  (void)argc;
  return 0;
#endif
}

Determining if the function pthread_create exists in the pthreads failed with the following output:
Change Dir: /home/rhoo/AppRep/Avatar/build/CMakeFiles/CMakeTmp

Run Build Command:/usr/bin/make "cmTryCompileExec2067870259/fast"
/usr/bin/make -f CMakeFiles/cmTryCompileExec2067870259.dir/build.make CMakeFiles/cmTryCompileExec2067870259.dir/build
make[1]: entrant dans le répertoire « /home/rhoo/AppRep/Avatar/build/CMakeFiles/CMakeTmp »
/usr/bin/cmake -E cmake_progress_report /home/rhoo/AppRep/Avatar/build/CMakeFiles/CMakeTmp/CMakeFiles 1
Building C object CMakeFiles/cmTryCompileExec2067870259.dir/CheckFunctionExists.c.o
/usr/bin/cc   -DCHECK_FUNCTION_EXISTS=pthread_create   -o CMakeFiles/cmTryCompileExec2067870259.dir/CheckFunctionExists.c.o   -c /usr/share/cmake-2.8/Modules/CheckFunctionExists.c
Linking C executable cmTryCompileExec2067870259
/usr/bin/cmake -E cmake_link_script CMakeFiles/cmTryCompileExec2067870259.dir/link.txt --verbose=1
/usr/bin/cc   -DCHECK_FUNCTION_EXISTS=pthread_create    CMakeFiles/cmTryCompileExec2067870259.dir/CheckFunctionExists.c.o  -o cmTryCompileExec2067870259 -rdynamic -lpthreads 
/usr/bin/ld: ne peut trouver -lpthreads
collect2: error: ld returned 1 exit status
make[1]: *** [cmTryCompileExec2067870259] Erreur 1
make[1]: quittant le répertoire « /home/rhoo/AppRep/Avatar/build/CMakeFiles/CMakeTmp »
make: *** [cmTryCompileExec2067870259/fast] Erreur 2


